<?xml version="1.0" encoding="UTF-8"?>
<testsuite name="Lecture5ExercisesTest" tests="1" skipped="0" failures="0" errors="0" timestamp="2023-04-19T15:23:43" hostname="DESKTOP-RQFEFVO" time="0.013">
  <properties/>
  <testcase name="isFiboBinFalse()" classname="Lecture5ExercisesTest" time="0.013"/>
  <system-out><![CDATA[]]></system-out>
  <system-err><![CDATA[]]></system-err>
</testsuite>
